1.00000000
1.25992105
1.44224957
1.58740105
1.70997595
1.81712059
1.91293118
2.00000000
2.08008382
2.15443469
2.71441762
3.10723251
3.41995189
3.68403150
3.91486764
4.12128530
4.30886938
4.48140475
4.64158883
5.84803548
6.69432950
7.36806300
7.93700526
8.43432665
8.87904002
9.28317767
9.65489385
-1.00000000
-1.25992105
-1.44224957
-1.58740105
-1.70997595
-1.81712059
-1.91293118
-2.00000000
-2.08008382
-2.15443469
-2.71441762
-3.10723251
-3.41995189
-3.68403150
-3.91486764
-4.12128530
-4.30886938
-4.48140475
-4.64158883
-5.84803548
-6.69432950
-7.36806300
-7.93700526
-8.43432665
-8.87904002
-9.28317767
-9.65489385
